<?xml version="1.0" encoding="UTF-8" standalone="no"?>
<testsuite errors="0" failures="0" name="io.cucumber.core.plugin.JUnitFormatter" skipped="0" tests="1" time="24.647">
    <testcase classname="User searches for connections throughout Berlin" name="User can list connections without SBahn options after inserting valid addresses in Berlin" time="24.405">
        <system-out>
            <![CDATA[Given user is on main page..................................................passed
When User inserts the following start address "Holzmarkt Straße 15-17"......passed
And User inserts the following ziel address "Europaplatz 1".................passed
And User opens Erweiterte list..............................................passed
And User deselects SBahn....................................................passed
And User closes Erweiterte list.............................................passed
And User clicks on Verbindung Finden button.................................passed
Then User verifies the possible connections without SBahn lines.............passed
]]>
        </system-out>
    </testcase>
</testsuite>
